[debug] [2024-03-06T17:14:49.533Z] ----------------------------------------------------------------------
[debug] [2024-03-06T17:14:49.538Z] Command:       /opt/homebrew/Cellar/node/21.6.1/bin/node /usr/local/bin/firebase init hosting
[debug] [2024-03-06T17:14:49.538Z] CLI Version:   12.5.2
[debug] [2024-03-06T17:14:49.538Z] Platform:      darwin
[debug] [2024-03-06T17:14:49.539Z] Node Version:  v21.6.1
[debug] [2024-03-06T17:14:49.539Z] Time:          Wed Mar 06 2024 17:14:49 GMT+0000 (Greenwich Mean Time)
[debug] [2024-03-06T17:14:49.539Z] ----------------------------------------------------------------------
[debug] 
[debug] [2024-03-06T17:14:49.593Z] > command requires scopes: ["email","openid","https://www.googleapis.com/auth/cloudplatformprojects.readonly","https://www.googleapis.com/auth/firebase","https://www.googleapis.com/auth/cloud-platform"]
[debug] [2024-03-06T17:14:49.593Z] > authorizing via signed-in user (elemorehall24@gmail.com)
[info] 
     ######## #### ########  ######## ########     ###     ######  ########
     ##        ##  ##     ## ##       ##     ##  ##   ##  ##       ##
     ######    ##  ########  ######   ########  #########  ######  ######
     ##        ##  ##    ##  ##       ##     ## ##     ##       ## ##
     ##       #### ##     ## ######## ########  ##     ##  ######  ########

You're about to initialize a Firebase project in this directory:

  /Users/phichayapasoranaraksopon/Documents/GitHub/software-engineering-group-5

Before we get started, keep in mind:

  * You are initializing within an existing Firebase project directory

[info] 
=== Project Setup
[info] 
[info] First, let's associate this project directory with a Firebase project.
[info] You can create multiple project aliases by running firebase use --add, 
[info] but for now we'll just set up a default project.
[info] 
[debug] [2024-03-06T17:14:49.596Z] Using project from CLI flag: elemore23
[debug] [2024-03-06T17:14:49.598Z] >>> [apiv2][query] GET https://firebase.googleapis.com/v1beta1/projects/elemore23 [none]
[debug] [2024-03-06T17:14:49.958Z] <<< [apiv2][status] GET https://firebase.googleapis.com/v1beta1/projects/elemore23 200
[debug] [2024-03-06T17:14:49.959Z] <<< [apiv2][body] GET https://firebase.googleapis.com/v1beta1/projects/elemore23 {"projectId":"elemore23","projectNumber":"789500808215","displayName":"elemore23","name":"projects/elemore23","resources":{"hostingSite":"elemore23"},"state":"ACTIVE","etag":"1_a0f0992a-2a03-4536-85d6-076165c91c7f"}
[info] i  Using project elemore23 (elemore23) 
[info] 
=== Hosting Setup
[info] 
[info] Your public directory is the folder (relative to your project directory) that
[info] will contain Hosting assets to be uploaded with firebase deploy. If you
[info] have a build process for your assets, use your build's output directory.
[info] 
